deploy/Client-Android Application/UBERRequest/app/build/intermediates/manifest_merge_blame_file/debug/manifest-merger-blame-debug-report.txt
1<?xml version="1.0" encoding="utf-8"?>
2<manifest xmlns:android="http://schemas.android.com/apk/res/android"
3    package="com.example.uberrequest"
4    android:versionCode="1"
5    android:versionName="1.0" >
6
7    <uses-sdk
8        android:minSdkVersion="16"
8-->src/main/AndroidManifest.xml
9        android:targetSdkVersion="29" />
9-->src/main/AndroidManifest.xml
10    <!--
11         The ACCESS_COARSE/FINE_LOCATION permissions are not required to use
12         Google Maps Android API v2, but you must specify either coarse or fine
13         location permissions for the "MyLocation" functionality.
14    -->
15    <uses-permission android:name="android.permission.ACCESS_FINE_LOCATION" />
15-->src/main/AndroidManifest.xml:9:5-79
15-->src/main/AndroidManifest.xml:9:22-76
16    <uses-permission android:name="android.permission.ACCESS_NETWORK_STATE" />
16-->src/main/AndroidManifest.xml:10:5-79
16-->src/main/AndroidManifest.xml:10:22-76
17    <uses-permission android:name="android.permission.ACCESS_NETWORK_STATE" />
17-->src/main/AndroidManifest.xml:10:5-79
17-->src/main/AndroidManifest.xml:10:22-76
18    <uses-permission android:name="android.permission.INTERNET" />
18-->src/main/AndroidManifest.xml:12:5-67
18-->src/main/AndroidManifest.xml:12:22-64
19    <uses-permission android:name="android.permission.WAKE_LOCK" />
19-->src/main/AndroidManifest.xml:13:5-68
19-->src/main/AndroidManifest.xml:13:22-65
20
21    <uses-feature
21-->[com.google.android.gms:play-services-maps:17.0.0] AndroidManifest.xml:26:5-28:35
22        android:glEsVersion="0x00020000"
22-->[com.google.android.gms:play-services-maps:17.0.0] AndroidManifest.xml:27:9-41
23        android:required="true" />
23-->[com.google.android.gms:play-services-maps:17.0.0] AndroidManifest.xml:28:9-32
24
25    <uses-permission android:name="com.google.android.finsky.permission.BIND_GET_INSTALL_REFERRER_SERVICE" /> <!-- Required by older versions of Google Play services to create IID tokens -->
25-->[com.google.android.gms:play-services-measurement:17.4.1] AndroidManifest.xml:26:5-110
25-->[com.google.android.gms:play-services-measurement:17.4.1] AndroidManifest.xml:26:22-107
26    <uses-permission android:name="com.google.android.c2dm.permission.RECEIVE" />
26-->[com.google.firebase:firebase-iid:20.1.7] AndroidManifest.xml:26:5-82
26-->[com.google.firebase:firebase-iid:20.1.7] AndroidManifest.xml:26:22-79
27
28    <application
28-->src/main/AndroidManifest.xml:15:5-60:19
29        android:name="androidx.multidex.MultiDexApplication"
30        android:allowBackup="true"
30-->src/main/AndroidManifest.xml:16:9-35
31        android:appComponentFactory="androidx.core.app.CoreComponentFactory"
31-->[androidx.core:core:1.1.0] AndroidManifest.xml:24:18-86
32        android:debuggable="true"
33        android:icon="@mipmap/ic_launcher"
33-->src/main/AndroidManifest.xml:17:9-43
34        android:label="@string/app_name"
34-->src/main/AndroidManifest.xml:18:9-41
35        android:roundIcon="@mipmap/ic_launcher_round"
35-->src/main/AndroidManifest.xml:19:9-54
36        android:supportsRtl="true"
36-->src/main/AndroidManifest.xml:20:9-35
37        android:testOnly="true"
38        android:theme="@style/Theme.UBERRequest"
38-->src/main/AndroidManifest.xml:21:9-49
39        android:usesCleartextTraffic="true" >
39-->src/main/AndroidManifest.xml:22:9-44
40        <activity android:name="com.example.uberrequest.webBrowserAnalytics" />
40-->src/main/AndroidManifest.xml:23:9-66
40-->src/main/AndroidManifest.xml:23:19-54
41        <activity android:name="com.example.uberrequest.ChartPieActivity" />
41-->src/main/AndroidManifest.xml:24:9-54
41-->src/main/AndroidManifest.xml:24:19-51
42        <activity android:name="com.example.uberrequest.ChartBarActivity" />
42-->src/main/AndroidManifest.xml:25:9-54
42-->src/main/AndroidManifest.xml:25:19-51
43        <activity android:name="com.example.uberrequest.ChartMainActivity" />
43-->src/main/AndroidManifest.xml:26:9-55
43-->src/main/AndroidManifest.xml:26:19-52
44        <activity android:name="com.example.uberrequest.AnalysePoints" />
44-->src/main/AndroidManifest.xml:27:9-51
44-->src/main/AndroidManifest.xml:27:19-48
45        <!--
46             The API key for Google Maps-based APIs is defined as a string resource.
47             (See the file "res/values/google_maps_api.xml").
48             Note that the API key is linked to the encryption key used to sign the APK.
49             You need a different API key for each encryption key, including the release key that is used to
50             sign the APK for publishing.
51             You can define the keys for the debug and release targets in src/debug/ and src/release/.
52        -->
53        <meta-data
53-->src/main/AndroidManifest.xml:36:9-38:55
54            android:name="com.google.android.geo.API_KEY"
54-->src/main/AndroidManifest.xml:37:13-58
55            android:value="@string/google_maps_key" />
55-->src/main/AndroidManifest.xml:38:13-52
56
57        <activity
57-->src/main/AndroidManifest.xml:40:9-42:67
58            android:name="com.example.uberrequest.MapsActivityAnalyze"
58-->src/main/AndroidManifest.xml:41:13-48
59            android:label="@string/title_activity_maps_analyze" />
59-->src/main/AndroidManifest.xml:42:13-64
60        <activity
60-->src/main/AndroidManifest.xml:43:9-45:59
61            android:name="com.example.uberrequest.MapsActivity"
61-->src/main/AndroidManifest.xml:44:13-41
62            android:label="@string/title_activity_maps" />
62-->src/main/AndroidManifest.xml:45:13-56
63        <activity android:name="com.example.uberrequest.webBrowser" />
63-->src/main/AndroidManifest.xml:46:9-48
63-->src/main/AndroidManifest.xml:46:19-45
64        <activity android:name="com.example.uberrequest.MainActivity" >
64-->src/main/AndroidManifest.xml:47:9-53:20
64-->src/main/AndroidManifest.xml:47:19-47
65            <intent-filter>
65-->src/main/AndroidManifest.xml:48:13-52:29
66                <action android:name="android.intent.action.MAIN" />
66-->src/main/AndroidManifest.xml:49:17-69
66-->src/main/AndroidManifest.xml:49:25-66
67
68                <category android:name="android.intent.category.LAUNCHER" />
68-->src/main/AndroidManifest.xml:51:17-77
68-->src/main/AndroidManifest.xml:51:27-74
69            </intent-filter>
70        </activity>
71
72        <service android:name="com.example.uberrequest.Services.MyFirebaseIdService" >
72-->src/main/AndroidManifest.xml:55:9-59:19
72-->src/main/AndroidManifest.xml:55:18-62
73            <intent-filter>
73-->src/main/AndroidManifest.xml:56:13-58:29
74                <action android:name="com.google.firebase.MESSAGING_EVENT" />
74-->src/main/AndroidManifest.xml:57:17-78
74-->src/main/AndroidManifest.xml:57:25-75
75            </intent-filter>
76        </service>
77
78        <meta-data
78-->[com.firebaseui:firebase-ui-auth:6.2.1] AndroidManifest.xml:16:9-18:69
79            android:name="com.google.android.gms.version"
79-->[com.firebaseui:firebase-ui-auth:6.2.1] AndroidManifest.xml:17:13-58
80            android:value="@integer/google_play_services_version" />
80-->[com.firebaseui:firebase-ui-auth:6.2.1] AndroidManifest.xml:18:13-66
81        <meta-data
81-->[com.firebaseui:firebase-ui-auth:6.2.1] AndroidManifest.xml:19:9-21:63
82            android:name="com.facebook.sdk.ApplicationId"
82-->[com.firebaseui:firebase-ui-auth:6.2.1] AndroidManifest.xml:20:13-58
83            android:value="@string/facebook_application_id" />
83-->[com.firebaseui:firebase-ui-auth:6.2.1] AndroidManifest.xml:21:13-60
84
85        <activity
85-->[com.firebaseui:firebase-ui-auth:6.2.1] AndroidManifest.xml:23:9-27:61
86            android:name="com.firebase.ui.auth.KickoffActivity"
86-->[com.firebaseui:firebase-ui-auth:6.2.1] AndroidManifest.xml:24:13-64
87            android:exported="false"
87-->[com.firebaseui:firebase-ui-auth:6.2.1] AndroidManifest.xml:25:13-37
88            android:label=""
88-->[com.firebaseui:firebase-ui-auth:6.2.1] AndroidManifest.xml:26:13-29
89            android:theme="@style/FirebaseUI.Transparent" />
89-->[com.firebaseui:firebase-ui-auth:6.2.1] AndroidManifest.xml:27:13-58
90        <activity
90-->[com.firebaseui:firebase-ui-auth:6.2.1] AndroidManifest.xml:28:9-32:61
91            android:name="com.firebase.ui.auth.ui.idp.SingleSignInActivity"
91-->[com.firebaseui:firebase-ui-auth:6.2.1] AndroidManifest.xml:29:13-76
92            android:exported="false"
92-->[com.firebaseui:firebase-ui-auth:6.2.1] AndroidManifest.xml:30:13-37
93            android:label=""
93-->[com.firebaseui:firebase-ui-auth:6.2.1] AndroidManifest.xml:31:13-29
94            android:theme="@style/FirebaseUI.Transparent" />
94-->[com.firebaseui:firebase-ui-auth:6.2.1] AndroidManifest.xml:32:13-58
95        <activity
95-->[com.firebaseui:firebase-ui-auth:6.2.1] AndroidManifest.xml:33:9-37:61
96            android:name="com.firebase.ui.auth.ui.credentials.CredentialSaveActivity"
96-->[com.firebaseui:firebase-ui-auth:6.2.1] AndroidManifest.xml:34:13-86
97            android:exported="false"
97-->[com.firebaseui:firebase-ui-auth:6.2.1] AndroidManifest.xml:35:13-37
98            android:label=""
98-->[com.firebaseui:firebase-ui-auth:6.2.1] AndroidManifest.xml:36:13-29
99            android:theme="@style/FirebaseUI.Transparent" />
99-->[com.firebaseui:firebase-ui-auth:6.2.1] AndroidManifest.xml:37:13-58
100        <activity
100-->[com.firebaseui:firebase-ui-auth:6.2.1] AndroidManifest.xml:38:9-42:58
101            android:name="com.firebase.ui.auth.ui.email.RecoverPasswordActivity"
101-->[com.firebaseui:firebase-ui-auth:6.2.1] AndroidManifest.xml:39:13-81
102            android:exported="false"
102-->[com.firebaseui:firebase-ui-auth:6.2.1] AndroidManifest.xml:40:13-37
103            android:label="@string/fui_title_recover_password_activity"
103-->[com.firebaseui:firebase-ui-auth:6.2.1] AndroidManifest.xml:41:13-72
104            android:windowSoftInputMode="adjustResize" />
104-->[com.firebaseui:firebase-ui-auth:6.2.1] AndroidManifest.xml:42:13-55
105        <activity
105-->[com.firebaseui:firebase-ui-auth:6.2.1] AndroidManifest.xml:43:9-47:58
106            android:name="com.firebase.ui.auth.ui.email.EmailActivity"
106-->[com.firebaseui:firebase-ui-auth:6.2.1] AndroidManifest.xml:44:13-71
107            android:exported="false"
107-->[com.firebaseui:firebase-ui-auth:6.2.1] AndroidManifest.xml:45:13-37
108            android:label="@string/fui_sign_in_default"
108-->[com.firebaseui:firebase-ui-auth:6.2.1] AndroidManifest.xml:46:13-56
109            android:windowSoftInputMode="adjustResize" />
109-->[com.firebaseui:firebase-ui-auth:6.2.1] AndroidManifest.xml:47:13-55
110        <activity
110-->[com.firebaseui:firebase-ui-auth:6.2.1] AndroidManifest.xml:48:9-52:77
111            android:name="com.firebase.ui.auth.ui.phone.PhoneActivity"
111-->[com.firebaseui:firebase-ui-auth:6.2.1] AndroidManifest.xml:49:13-71
112            android:exported="false"
112-->[com.firebaseui:firebase-ui-auth:6.2.1] AndroidManifest.xml:50:13-37
113            android:label="@string/fui_sign_in_with_phone_number"
113-->[com.firebaseui:firebase-ui-auth:6.2.1] AndroidManifest.xml:51:13-66
114            android:windowSoftInputMode="adjustResize|stateAlwaysVisible" />
114-->[com.firebaseui:firebase-ui-auth:6.2.1] AndroidManifest.xml:52:13-74
115        <activity
115-->[com.firebaseui:firebase-ui-auth:6.2.1] AndroidManifest.xml:53:9-57:58
116            android:name="com.firebase.ui.auth.ui.idp.WelcomeBackIdpPrompt"
116-->[com.firebaseui:firebase-ui-auth:6.2.1] AndroidManifest.xml:54:13-76
117            android:exported="false"
117-->[com.firebaseui:firebase-ui-auth:6.2.1] AndroidManifest.xml:55:13-37
118            android:label="@string/fui_title_welcome_back_idp_prompt"
118-->[com.firebaseui:firebase-ui-auth:6.2.1] AndroidManifest.xml:56:13-70
119            android:windowSoftInputMode="adjustResize" />
119-->[com.firebaseui:firebase-ui-auth:6.2.1] AndroidManifest.xml:57:13-55
120        <activity
120-->[com.firebaseui:firebase-ui-auth:6.2.1] AndroidManifest.xml:58:9-62:58
121            android:name="com.firebase.ui.auth.ui.email.WelcomeBackPasswordPrompt"
121-->[com.firebaseui:firebase-ui-auth:6.2.1] AndroidManifest.xml:59:13-83
122            android:exported="false"
122-->[com.firebaseui:firebase-ui-auth:6.2.1] AndroidManifest.xml:60:13-37
123            android:label="@string/fui_title_welcome_back_password_prompt"
123-->[com.firebaseui:firebase-ui-auth:6.2.1] AndroidManifest.xml:61:13-75
124            android:windowSoftInputMode="adjustResize" />
124-->[com.firebaseui:firebase-ui-auth:6.2.1] AndroidManifest.xml:62:13-55
125        <activity
125-->[com.firebaseui:firebase-ui-auth:6.2.1] AndroidManifest.xml:63:9-67:58
126            android:name="com.firebase.ui.auth.ui.email.WelcomeBackEmailLinkPrompt"
126-->[com.firebaseui:firebase-ui-auth:6.2.1] AndroidManifest.xml:64:13-84
127            android:exported="false"
127-->[com.firebaseui:firebase-ui-auth:6.2.1] AndroidManifest.xml:65:13-37
128            android:label="@string/fui_title_welcome_back_password_prompt"
128-->[com.firebaseui:firebase-ui-auth:6.2.1] AndroidManifest.xml:66:13-75
129            android:windowSoftInputMode="adjustResize" />
129-->[com.firebaseui:firebase-ui-auth:6.2.1] AndroidManifest.xml:67:13-55
130        <activity
130-->[com.firebaseui:firebase-ui-auth:6.2.1] AndroidManifest.xml:68:9-73:58
131            android:name="com.firebase.ui.auth.ui.email.EmailLinkCatcherActivity"
131-->[com.firebaseui:firebase-ui-auth:6.2.1] AndroidManifest.xml:69:13-82
132            android:exported="false"
132-->[com.firebaseui:firebase-ui-auth:6.2.1] AndroidManifest.xml:70:13-37
133            android:label=""
133-->[com.firebaseui:firebase-ui-auth:6.2.1] AndroidManifest.xml:71:13-29
134            android:theme="@style/FirebaseUI.Transparent"
134-->[com.firebaseui:firebase-ui-auth:6.2.1] AndroidManifest.xml:72:13-58
135            android:windowSoftInputMode="adjustResize" />
135-->[com.firebaseui:firebase-ui-auth:6.2.1] AndroidManifest.xml:73:13-55
136        <activity
136-->[com.firebaseui:firebase-ui-auth:6.2.1] AndroidManifest.xml:74:9-78:58
137            android:name="com.firebase.ui.auth.ui.email.EmailLinkErrorRecoveryActivity"
137-->[com.firebaseui:firebase-ui-auth:6.2.1] AndroidManifest.xml:75:13-88
138            android:exported="false"
138-->[com.firebaseui:firebase-ui-auth:6.2.1] AndroidManifest.xml:76:13-37
139            android:label="@string/fui_sign_in_default"
139-->[com.firebaseui:firebase-ui-auth:6.2.1] AndroidManifest.xml:77:13-56
140            android:windowSoftInputMode="adjustResize" />
140-->[com.firebaseui:firebase-ui-auth:6.2.1] AndroidManifest.xml:78:13-55
141        <activity
141-->[com.firebaseui:firebase-ui-auth:6.2.1] AndroidManifest.xml:79:9-82:65
142            android:name="com.firebase.ui.auth.ui.idp.AuthMethodPickerActivity"
142-->[com.firebaseui:firebase-ui-auth:6.2.1] AndroidManifest.xml:80:13-80
143            android:exported="false"
143-->[com.firebaseui:firebase-ui-auth:6.2.1] AndroidManifest.xml:81:13-37
144            android:label="@string/fui_default_toolbar_title" />
144-->[com.firebaseui:firebase-ui-auth:6.2.1] AndroidManifest.xml:82:13-62
145        <activity
145-->[com.firebaseui:firebase-ui-auth:6.2.1] AndroidManifest.xml:83:9-87:48
146            android:name="com.facebook.FacebookActivity"
146-->[com.firebaseui:firebase-ui-auth:6.2.1] AndroidManifest.xml:84:13-57
147            android:configChanges="keyboard|keyboardHidden|screenLayout|screenSize|orientation"
147-->[com.firebaseui:firebase-ui-auth:6.2.1] AndroidManifest.xml:85:13-96
148            android:label="@string/app_name" />
148-->[com.firebaseui:firebase-ui-auth:6.2.1] AndroidManifest.xml:86:13-45
149        <activity
149-->[com.firebaseui:firebase-ui-auth:6.2.1] AndroidManifest.xml:88:9-100:20
150            android:name="com.facebook.CustomTabActivity"
150-->[com.firebaseui:firebase-ui-auth:6.2.1] AndroidManifest.xml:89:13-58
151            android:exported="true" >
151-->[com.firebaseui:firebase-ui-auth:6.2.1] AndroidManifest.xml:90:13-36
152            <intent-filter>
152-->[com.firebaseui:firebase-ui-auth:6.2.1] AndroidManifest.xml:92:13-99:29
153                <action android:name="android.intent.action.VIEW" />
153-->[com.firebaseui:firebase-ui-auth:6.2.1] AndroidManifest.xml:93:17-69
153-->[com.firebaseui:firebase-ui-auth:6.2.1] AndroidManifest.xml:93:25-66
154
155                <category android:name="android.intent.category.DEFAULT" />
155-->[com.firebaseui:firebase-ui-auth:6.2.1] AndroidManifest.xml:95:17-76
155-->[com.firebaseui:firebase-ui-auth:6.2.1] AndroidManifest.xml:95:27-73
156                <category android:name="android.intent.category.BROWSABLE" />
156-->[com.firebaseui:firebase-ui-auth:6.2.1] AndroidManifest.xml:96:17-78
156-->[com.firebaseui:firebase-ui-auth:6.2.1] AndroidManifest.xml:96:27-75
157
158                <data android:scheme="@string/facebook_login_protocol_scheme" />
158-->[com.firebaseui:firebase-ui-auth:6.2.1] AndroidManifest.xml:98:17-81
158-->[com.firebaseui:firebase-ui-auth:6.2.1] AndroidManifest.xml:98:23-78
159            </intent-filter>
160        </activity>
161
162        <provider
162-->[com.firebaseui:firebase-ui-auth:6.2.1] AndroidManifest.xml:102:9-106:38
163            android:name="com.firebase.ui.auth.data.client.AuthUiInitProvider"
163-->[com.firebaseui:firebase-ui-auth:6.2.1] AndroidManifest.xml:103:13-79
164            android:authorities="com.example.uberrequest.authuiinitprovider"
164-->[com.firebaseui:firebase-ui-auth:6.2.1] AndroidManifest.xml:104:13-70
165            android:exported="false"
165-->[com.firebaseui:firebase-ui-auth:6.2.1] AndroidManifest.xml:105:13-37
166            android:initOrder="90" /> <!-- Needs to be explicitly declared on P+ -->
166-->[com.firebaseui:firebase-ui-auth:6.2.1] AndroidManifest.xml:106:13-35
167        <uses-library
167-->[com.google.android.gms:play-services-maps:17.0.0] AndroidManifest.xml:33:9-35:40
168            android:name="org.apache.http.legacy"
168-->[com.google.android.gms:play-services-maps:17.0.0] AndroidManifest.xml:34:13-50
169            android:required="false" />
169-->[com.google.android.gms:play-services-maps:17.0.0] AndroidManifest.xml:35:13-37
170
171        <activity
171-->[com.google.firebase:firebase-auth:19.3.1] AndroidManifest.xml:24:9-31:50
172            android:name="com.google.firebase.auth.internal.FederatedSignInActivity"
172-->[com.google.firebase:firebase-auth:19.3.1] AndroidManifest.xml:25:13-85
173            android:excludeFromRecents="true"
173-->[com.google.firebase:firebase-auth:19.3.1] AndroidManifest.xml:26:13-46
174            android:exported="true"
174-->[com.google.firebase:firebase-auth:19.3.1] AndroidManifest.xml:27:13-36
175            android:launchMode="singleTask"
175-->[com.google.firebase:firebase-auth:19.3.1] AndroidManifest.xml:28:13-44
176            android:permission="com.google.firebase.auth.api.gms.permission.LAUNCH_FEDERATED_SIGN_IN"
176-->[com.google.firebase:firebase-auth:19.3.1] AndroidManifest.xml:29:13-102
177            android:theme="@android:style/Theme.Translucent.NoTitleBar" />
177-->[com.google.firebase:firebase-auth:19.3.1] AndroidManifest.xml:30:13-72
178
179        <service
179-->[com.google.firebase:firebase-auth:19.3.1] AndroidManifest.xml:33:9-39:19
180            android:name="com.google.firebase.components.ComponentDiscoveryService"
180-->[com.google.firebase:firebase-auth:19.3.1] AndroidManifest.xml:34:13-84
181            android:directBootAware="true"
181-->[com.google.firebase:firebase-common:19.3.0] AndroidManifest.xml:34:13-43
182            android:exported="false" >
182-->[com.google.firebase:firebase-auth:19.3.1] AndroidManifest.xml:35:13-37
183            <meta-data
183-->[com.google.firebase:firebase-auth:19.3.1] AndroidManifest.xml:36:13-38:85
184                android:name="com.google.firebase.components:com.google.firebase.auth.FirebaseAuthRegistrar"
184-->[com.google.firebase:firebase-auth:19.3.1] AndroidManifest.xml:37:17-109
185                android:value="com.google.firebase.components.ComponentRegistrar" />
185-->[com.google.firebase:firebase-auth:19.3.1] AndroidManifest.xml:38:17-82
186            <meta-data
186-->[com.google.firebase:firebase-messaging:20.1.7] AndroidManifest.xml:38:13-40:85
187                android:name="com.google.firebase.components:com.google.firebase.messaging.FirebaseMessagingRegistrar"
187-->[com.google.firebase:firebase-messaging:20.1.7] AndroidManifest.xml:39:17-119
188                android:value="com.google.firebase.components.ComponentRegistrar" />
188-->[com.google.firebase:firebase-messaging:20.1.7] AndroidManifest.xml:40:17-82
189            <meta-data
189-->[com.google.firebase:firebase-database:19.3.0] AndroidManifest.xml:32:13-34:85
190                android:name="com.google.firebase.components:com.google.firebase.database.DatabaseRegistrar"
190-->[com.google.firebase:firebase-database:19.3.0] AndroidManifest.xml:33:17-109
191                android:value="com.google.firebase.components.ComponentRegistrar" />
191-->[com.google.firebase:firebase-database:19.3.0] AndroidManifest.xml:34:17-82
192            <meta-data
192-->[com.google.firebase:firebase-firestore:21.4.3] AndroidManifest.xml:20:13-22:85
193                android:name="com.google.firebase.components:com.google.firebase.firestore.FirestoreRegistrar"
193-->[com.google.firebase:firebase-firestore:21.4.3] AndroidManifest.xml:21:17-111
194                android:value="com.google.firebase.components.ComponentRegistrar" />
194-->[com.google.firebase:firebase-firestore:21.4.3] AndroidManifest.xml:22:17-82
195            <meta-data
195-->[com.google.android.gms:play-services-measurement-api:17.4.1] AndroidManifest.xml:30:13-32:85
196                android:name="com.google.firebase.components:com.google.firebase.analytics.connector.internal.AnalyticsConnectorRegistrar"
196-->[com.google.android.gms:play-services-measurement-api:17.4.1] AndroidManifest.xml:31:17-139
197                android:value="com.google.firebase.components.ComponentRegistrar" />
197-->[com.google.android.gms:play-services-measurement-api:17.4.1] AndroidManifest.xml:32:17-82
198            <meta-data
198-->[com.google.firebase:firebase-iid:20.1.7] AndroidManifest.xml:32:13-34:85
199                android:name="com.google.firebase.components:com.google.firebase.iid.Registrar"
199-->[com.google.firebase:firebase-iid:20.1.7] AndroidManifest.xml:33:17-96
200                android:value="com.google.firebase.components.ComponentRegistrar" />
200-->[com.google.firebase:firebase-iid:20.1.7] AndroidManifest.xml:34:17-82
201            <meta-data
201-->[com.google.firebase:firebase-datatransport:17.0.3] AndroidManifest.xml:28:13-30:85
202                android:name="com.google.firebase.components:com.google.firebase.datatransport.TransportRegistrar"
202-->[com.google.firebase:firebase-datatransport:17.0.3] AndroidManifest.xml:29:17-115
203                android:value="com.google.firebase.components.ComponentRegistrar" />
203-->[com.google.firebase:firebase-datatransport:17.0.3] AndroidManifest.xml:30:17-82
204            <meta-data
204-->[com.google.firebase:firebase-installations:16.3.0] AndroidManifest.xml:17:13-19:85
205                android:name="com.google.firebase.components:com.google.firebase.installations.FirebaseInstallationsRegistrar"
205-->[com.google.firebase:firebase-installations:16.3.0] AndroidManifest.xml:18:17-127
206                android:value="com.google.firebase.components.ComponentRegistrar" />
206-->[com.google.firebase:firebase-installations:16.3.0] AndroidManifest.xml:19:17-82
207        </service>
208        <!--
209             FirebaseMessagingService performs security checks at runtime,
210             but set to not exported to explicitly avoid allowing another app to call it.
211        -->
212        <service
212-->[com.google.firebase:firebase-messaging:20.1.7] AndroidManifest.xml:28:9-34:19
213            android:name="com.google.firebase.messaging.FirebaseMessagingService"
213-->[com.google.firebase:firebase-messaging:20.1.7] AndroidManifest.xml:29:13-82
214            android:exported="false" >
214-->[com.google.firebase:firebase-messaging:20.1.7] AndroidManifest.xml:30:13-37
215            <intent-filter android:priority="-500" >
215-->src/main/AndroidManifest.xml:56:13-58:29
216                <action android:name="com.google.firebase.MESSAGING_EVENT" />
216-->src/main/AndroidManifest.xml:57:17-78
216-->src/main/AndroidManifest.xml:57:25-75
217            </intent-filter>
218        </service>
219
220        <receiver
220-->[com.google.android.gms:play-services-measurement:17.4.1] AndroidManifest.xml:29:9-33:20
221            android:name="com.google.android.gms.measurement.AppMeasurementReceiver"
221-->[com.google.android.gms:play-services-measurement:17.4.1] AndroidManifest.xml:30:13-85
222            android:enabled="true"
222-->[com.google.android.gms:play-services-measurement:17.4.1] AndroidManifest.xml:31:13-35
223            android:exported="false" >
223-->[com.google.android.gms:play-services-measurement:17.4.1] AndroidManifest.xml:32:13-37
224        </receiver>
225
226        <service
226-->[com.google.android.gms:play-services-measurement:17.4.1] AndroidManifest.xml:35:9-38:40
227            android:name="com.google.android.gms.measurement.AppMeasurementService"
227-->[com.google.android.gms:play-services-measurement:17.4.1] AndroidManifest.xml:36:13-84
228            android:enabled="true"
228-->[com.google.android.gms:play-services-measurement:17.4.1] AndroidManifest.xml:37:13-35
229            android:exported="false" />
229-->[com.google.android.gms:play-services-measurement:17.4.1] AndroidManifest.xml:38:13-37
230        <service
230-->[com.google.android.gms:play-services-measurement:17.4.1] AndroidManifest.xml:39:9-43:72
231            android:name="com.google.android.gms.measurement.AppMeasurementJobService"
231-->[com.google.android.gms:play-services-measurement:17.4.1] AndroidManifest.xml:40:13-87
232            android:enabled="true"
232-->[com.google.android.gms:play-services-measurement:17.4.1] AndroidManifest.xml:41:13-35
233            android:exported="false"
233-->[com.google.android.gms:play-services-measurement:17.4.1] AndroidManifest.xml:42:13-37
234            android:permission="android.permission.BIND_JOB_SERVICE" />
234-->[com.google.android.gms:play-services-measurement:17.4.1] AndroidManifest.xml:43:13-69
235
236        <activity
236-->[com.google.android.gms:play-services-auth:17.0.0] AndroidManifest.xml:23:9-27:75
237            android:name="com.google.android.gms.auth.api.signin.internal.SignInHubActivity"
237-->[com.google.android.gms:play-services-auth:17.0.0] AndroidManifest.xml:24:13-93
238            android:excludeFromRecents="true"
238-->[com.google.android.gms:play-services-auth:17.0.0] AndroidManifest.xml:25:13-46
239            android:exported="false"
239-->[com.google.android.gms:play-services-auth:17.0.0] AndroidManifest.xml:26:13-37
240            android:theme="@android:style/Theme.Translucent.NoTitleBar" />
240-->[com.google.android.gms:play-services-auth:17.0.0] AndroidManifest.xml:27:13-72
241        <!--
242            Service handling Google Sign-In user revocation. For apps that do not integrate with
243            Google Sign-In, this service will never be started.
244        -->
245        <service
245-->[com.google.android.gms:play-services-auth:17.0.0] AndroidManifest.xml:33:9-36:110
246            android:name="com.google.android.gms.auth.api.signin.RevocationBoundService"
246-->[com.google.android.gms:play-services-auth:17.0.0] AndroidManifest.xml:34:13-89
247            android:exported="true"
247-->[com.google.android.gms:play-services-auth:17.0.0] AndroidManifest.xml:35:13-36
248            android:permission="com.google.android.gms.auth.api.signin.permission.REVOCATION_NOTIFICATION" />
248-->[com.google.android.gms:play-services-auth:17.0.0] AndroidManifest.xml:36:13-107
249
250        <receiver
250-->[com.google.firebase:firebase-iid:20.1.7] AndroidManifest.xml:37:9-44:20
251            android:name="com.google.firebase.iid.FirebaseInstanceIdReceiver"
251-->[com.google.firebase:firebase-iid:20.1.7] AndroidManifest.xml:38:13-78
252            android:exported="true"
252-->[com.google.firebase:firebase-iid:20.1.7] AndroidManifest.xml:39:13-36
253            android:permission="com.google.android.c2dm.permission.SEND" >
253-->[com.google.firebase:firebase-iid:20.1.7] AndroidManifest.xml:40:13-73
254            <intent-filter>
254-->[com.google.firebase:firebase-iid:20.1.7] AndroidManifest.xml:41:13-43:29
255                <action android:name="com.google.android.c2dm.intent.RECEIVE" />
255-->[com.google.firebase:firebase-iid:20.1.7] AndroidManifest.xml:42:17-81
255-->[com.google.firebase:firebase-iid:20.1.7] AndroidManifest.xml:42:25-78
256            </intent-filter>
257        </receiver>
258
259        <activity
259-->[com.google.android.gms:play-services-base:17.1.0] AndroidManifest.xml:23:9-26:75
260            android:name="com.google.android.gms.common.api.GoogleApiActivity"
260-->[com.google.android.gms:play-services-base:17.1.0] AndroidManifest.xml:24:13-79
261            android:exported="false"
261-->[com.google.android.gms:play-services-base:17.1.0] AndroidManifest.xml:25:13-37
262            android:theme="@android:style/Theme.Translucent.NoTitleBar" />
262-->[com.google.android.gms:play-services-base:17.1.0] AndroidManifest.xml:26:13-72
263
264        <provider
264-->[com.google.firebase:firebase-common:19.3.0] AndroidManifest.xml:26:9-30:39
265            android:name="com.google.firebase.provider.FirebaseInitProvider"
265-->[com.google.firebase:firebase-common:19.3.0] AndroidManifest.xml:27:13-77
266            android:authorities="com.example.uberrequest.firebaseinitprovider"
266-->[com.google.firebase:firebase-common:19.3.0] AndroidManifest.xml:28:13-72
267            android:exported="false"